      J=  2.5     EJ=  748.030     Art= 0.263E+08
      J=  1.5     EJ=  750.068     Art= 0.494E+09
      J=  0.5     EJ=  751.317     Art= 0.127E+09
      J=  1.5     EJ=  759.119     Art= 0.444E+11
      J=  0.5     EJ=  761.570     Art= 0.450E+11
      J=  2.5     EJ=  790.323     Art= 0.185E+11
      J=  1.5     EJ=  790.345     Art= 0.184E+11
      J=  0.5     EJ=  846.132     Art= 0.277E+11
      J=  2.5     EJ=  907.692     Art= 0.138E+08
      J=  1.5     EJ=  908.112     Art= 0.856E+08
      J=  0.5     EJ=  908.476     Art= 0.139E+09
      J=  2.5     EJ=  914.896     Art= 0.121E+10
      J=  1.5     EJ=  915.602     Art= 0.133E+10
      J=  0.5     EJ=  916.228     Art= 0.486E+09
      J=  1.5     EJ=  916.960     Art= 0.110E+10
      J=  2.5     EJ=  917.941     Art= 0.594E+10
      J=  2.5     EJ=  918.269     Art= 0.275E+10
      J=  0.5     EJ=  921.465     Art= 0.469E+11
      J=  1.5     EJ=  921.596     Art= 0.109E+12
      J=  2.5     EJ=  922.687     Art= 0.135E+12
      J=  1.5     EJ=  924.124     Art= 0.727E+11
      J=  0.5     EJ=  952.131     Art= 0.155E+12
      J=  1.5     EJ=  954.746     Art= 0.164E+12
      J=  0.5     EJ=  955.510     Art= 0.172E+12
      J=  2.5     EJ=  955.940     Art= 0.927E+10
      J=  2.5     EJ=  956.640     Art= 0.869E+11
      J=  1.5     EJ=  957.203     Art= 0.106E+12
      J=  2.5     EJ=  998.100     Art= 0.831E+07
      J=  1.5     EJ=  999.807     Art= 0.244E+10
      J=  0.5     EJ= 1001.345     Art= 0.392E+09
      J=  1.5     EJ= 1002.322     Art= 0.116E+11
      J=  0.5     EJ= 1004.495     Art= 0.138E+11
      J=  2.5     EJ= 1009.681     Art= 0.327E+11
      J=  1.5     EJ= 1009.832     Art= 0.378E+11
      J=  2.5     EJ= 1038.219     Art= 0.500E+10
      J=  1.5     EJ= 1038.230     Art= 0.472E+10
      J=  2.5     EJ= 1055.437     Art= 0.376E+08
      J=  1.5     EJ= 1055.850     Art= 0.313E+09
      J=  0.5     EJ= 1056.332     Art= 0.785E+09
      J=  0.5     EJ= 1058.561     Art= 0.128E+10
      J=  2.5     EJ= 1058.962     Art= 0.576E+10
      J=  1.5     EJ= 1059.233     Art= 0.497E+10
      J=  1.5     EJ= 1060.012     Art= 0.121E+10
      J=  2.5     EJ= 1060.434     Art= 0.351E+10
      J=  2.5     EJ= 1060.847     Art= 0.648E+10
      J=  0.5     EJ= 1062.044     Art= 0.435E+11
      J=  1.5     EJ= 1062.483     Art= 0.688E+11
      J=  2.5     EJ= 1063.713     Art= 0.894E+11
      J=  1.5     EJ= 1064.765     Art= 0.735E+11
      J=  0.5     EJ= 1092.908     Art= 0.460E+11
      J=  1.5     EJ= 1097.333     Art= 0.652E+11
      J=  0.5     EJ= 1097.648     Art= 0.691E+11
      J=  2.5     EJ= 1097.667     Art= 0.167E+10
      J=  2.5     EJ= 1098.031     Art= 0.304E+11
      J=  1.5     EJ= 1098.269     Art= 0.372E+11
      J=  0.5     EJ= 1098.415     Art= 0.350E+11
      J=  2.5     EJ= 1122.225     Art= 0.361E+08
      J=  1.5     EJ= 1122.533     Art= 0.365E+09
      J=  0.5     EJ= 1122.951     Art= 0.986E+09
      J=  0.5     EJ= 1123.988     Art= 0.577E+10
      J=  2.5     EJ= 1124.371     Art= 0.136E+11
      J=  1.5     EJ= 1124.495     Art= 0.122E+11
      J=  2.5     EJ= 1125.878     Art= 0.562E+09
      J=  1.5     EJ= 1125.902     Art= 0.304E+10
      J=  2.5     EJ= 1126.145     Art= 0.103E+11
      J=  0.5     EJ= 1126.398     Art= 0.341E+11
      J=  1.5     EJ= 1126.670     Art= 0.421E+11
      J=  2.5     EJ= 1127.821     Art= 0.471E+11
      J=  1.5     EJ= 1128.742     Art= 0.522E+11
      J=  2.5     EJ= 1153.309     Art= 0.254E+11
      J=  1.5     EJ= 1153.424     Art= 0.286E+11
      J=  0.5     EJ= 1162.317     Art= 0.388E+11
      J=  2.5     EJ= 1162.710     Art= 0.162E+09
      J=  1.5     EJ= 1162.714     Art= 0.391E+11
      J=  0.5     EJ= 1162.912     Art= 0.430E+11
      J=  2.5     EJ= 1163.034     Art= 0.180E+11
      J=  1.5     EJ= 1163.159     Art= 0.217E+11
      J=  2.5     EJ= 1218.815     Art= 0.974E+10
      J=  1.5     EJ= 1218.859     Art= 0.113E+11
