   -1
      J=  1.5     EJ=   -1.141     Art= 0.000E+00
      J=  0.5     EJ=    2.283     Art= 0.000E+00
      J=  2.5     EJ=  749.275     Art= 0.294E+08
      J=  1.5     EJ=  751.310     Art= 0.566E+09
      J=  0.5     EJ=  752.561     Art= 0.141E+09
      J=  1.5     EJ=  759.792     Art= 0.442E+11
      J=  0.5     EJ=  762.239     Art= 0.449E+11
      J=  2.5     EJ=  789.312     Art= 0.183E+11
      J=  1.5     EJ=  789.335     Art= 0.181E+11
      J=  0.5     EJ=  842.069     Art= 0.265E+11
      J=  2.5     EJ=  909.141     Art= 0.149E+08
      J=  1.5     EJ=  909.562     Art= 0.972E+08
      J=  0.5     EJ=  909.935     Art= 0.159E+09
      J=  2.5     EJ=  916.016     Art= 0.144E+10
      J=  1.5     EJ=  916.723     Art= 0.156E+10
      J=  0.5     EJ=  917.167     Art= 0.559E+09
      J=  1.5     EJ=  917.906     Art= 0.123E+10
      J=  2.5     EJ=  918.880     Art= 0.669E+10
      J=  2.5     EJ=  919.218     Art= 0.298E+10
      J=  0.5     EJ=  922.119     Art= 0.470E+11
      J=  1.5     EJ=  922.277     Art= 0.109E+12
      J=  2.5     EJ=  923.390     Art= 0.135E+12
      J=  1.5     EJ=  924.783     Art= 0.734E+11
      J=  0.5     EJ=  951.103     Art= 0.156E+12
      J=  1.5     EJ=  953.638     Art= 0.165E+12
      J=  0.5     EJ=  954.404     Art= 0.173E+12
      J=  2.5     EJ=  954.738     Art= 0.975E+10
      J=  2.5     EJ=  955.423     Art= 0.870E+11
      J=  1.5     EJ=  955.984     Art= 0.108E+12
      J=  2.5     EJ=  999.200     Art= 0.123E+08
      J=  1.5     EJ= 1000.873     Art= 0.280E+10
      J=  0.5     EJ= 1002.440     Art= 0.440E+09
      J=  1.5     EJ= 1003.273     Art= 0.113E+11
      J=  0.5     EJ= 1005.413     Art= 0.139E+11
      J=  2.5     EJ= 1005.532     Art= 0.329E+11
      J=  1.5     EJ= 1005.686     Art= 0.384E+11
      J=  2.5     EJ= 1037.175     Art= 0.500E+10
      J=  1.5     EJ= 1037.185     Art= 0.475E+10
      J=  2.5     EJ= 1056.617     Art= 0.385E+08
      J=  1.5     EJ= 1057.024     Art= 0.335E+09
      J=  0.5     EJ= 1057.508     Art= 0.863E+09
      J=  0.5     EJ= 1059.581     Art= 0.152E+10
      J=  2.5     EJ= 1060.010     Art= 0.683E+10
      J=  1.5     EJ= 1060.249     Art= 0.576E+10
      J=  1.5     EJ= 1061.092     Art= 0.142E+10
      J=  2.5     EJ= 1061.461     Art= 0.378E+10
      J=  2.5     EJ= 1061.850     Art= 0.697E+10
      J=  0.5     EJ= 1062.862     Art= 0.425E+11
      J=  1.5     EJ= 1063.288     Art= 0.673E+11
      J=  2.5     EJ= 1064.520     Art= 0.864E+11
      J=  1.5     EJ= 1065.550     Art= 0.721E+11
      J=  0.5     EJ= 1089.544     Art= 0.281E+11
      J=  1.5     EJ= 1096.274     Art= 0.657E+11
      J=  0.5     EJ= 1096.474     Art= 0.582E+11
      J=  2.5     EJ= 1096.571     Art= 0.176E+10
      J=  0.5     EJ= 1096.693     Art= 0.646E+11
      J=  2.5     EJ= 1096.928     Art= 0.310E+11
      J=  1.5     EJ= 1097.167     Art= 0.382E+11
      J=  2.5     EJ= 1123.322     Art= 0.363E+08
      J=  1.5     EJ= 1123.618     Art= 0.371E+09
      J=  0.5     EJ= 1124.020     Art= 0.977E+09
      J=  0.5     EJ= 1125.018     Art= 0.656E+10
      J=  2.5     EJ= 1125.373     Art= 0.148E+11
      J=  1.5     EJ= 1125.496     Art= 0.137E+11
      J=  2.5     EJ= 1126.919     Art= 0.517E+09
      J=  1.5     EJ= 1126.959     Art= 0.357E+10
      J=  2.5     EJ= 1127.166     Art= 0.108E+11
      J=  0.5     EJ= 1127.299     Art= 0.313E+11
      J=  1.5     EJ= 1127.573     Art= 0.380E+11
      J=  2.5     EJ= 1128.727     Art= 0.426E+11
      J=  1.5     EJ= 1129.597     Art= 0.495E+11
      J=  2.5     EJ= 1149.151     Art= 0.248E+11
      J=  1.5     EJ= 1149.264     Art= 0.283E+11
      J=  0.5     EJ= 1161.268     Art= 0.387E+11
      J=  1.5     EJ= 1161.637     Art= 0.385E+11
      J=  2.5     EJ= 1161.642     Art= 0.253E+09
      J=  0.5     EJ= 1161.834     Art= 0.425E+11
      J=  2.5     EJ= 1161.929     Art= 0.184E+11
      J=  1.5     EJ= 1162.057     Art= 0.223E+11
      J=  2.5     EJ= 1214.637     Art= 0.957E+10
      J=  1.5     EJ= 1214.681     Art= 0.112E+11
