      J=  0.5     EJ= 1092.512     Art= 0.391E+11
      J=  1.5     EJ= 1094.090     Art= 0.395E+11
      J=  2.5     EJ= 1096.591     Art= 0.396E+11
      J=  0.5     EJ= 1106.750     Art= 0.107E+12
      J=  1.5     EJ= 1109.736     Art= 0.107E+12
      J=  2.5     EJ= 1138.823     Art= 0.692E+11
      J=  1.5     EJ= 1138.870     Art= 0.689E+11
      J=  0.5     EJ= 1197.149     Art= 0.800E+11
      J=  1.5     EJ= 1254.423     Art= 0.495E+09
      J=  2.5     EJ= 1255.246     Art= 0.820E+09
      J=  3.5     EJ= 1256.478     Art= 0.651E+09
      J=  1.5     EJ= 1260.915     Art= 0.114E+12
      J=  0.5     EJ= 1261.834     Art= 0.463E+11
      J=  2.5     EJ= 1263.118     Art= 0.328E+11
      J=  1.5     EJ= 1263.272     Art= 0.376E+11
      J=  3.5     EJ= 1264.055     Art= 0.107E+10
      J=  0.5     EJ= 1264.542     Art= 0.100E+12
      J=  2.5     EJ= 1269.321     Art= 0.323E+12
      J=  2.5     EJ= 1269.532     Art= 0.300E+12
      J=  1.5     EJ= 1270.484     Art= 0.517E+12
      J=  0.5     EJ= 1271.031     Art= 0.529E+12
      J=  3.5     EJ= 1272.572     Art= 0.126E+12
      J=  1.5     EJ= 1287.824     Art= 0.329E+12
      J=  2.5     EJ= 1288.522     Art= 0.350E+12
      J=  3.5     EJ= 1303.883     Art= 0.103E+11
      J=  1.5     EJ= 1308.779     Art= 0.377E+12
      J=  2.5     EJ= 1308.842     Art= 0.477E+12
      J=  3.5     EJ= 1308.965     Art= 0.596E+12
      J=  2.5     EJ= 1310.107     Art= 0.505E+12
      J=  0.5     EJ= 1317.483     Art= 0.325E+12
      J=  1.5     EJ= 1318.256     Art= 0.332E+12
      J=  0.5     EJ= 1322.235     Art= 0.220E+12
      J=  2.5     EJ= 1366.724     Art= 0.232E+12
      J=  1.5     EJ= 1367.190     Art= 0.252E+12
      J=  0.5     EJ= 1480.209     Art= 0.117E+11
      J=  1.5     EJ= 1481.776     Art= 0.120E+11
      J=  2.5     EJ= 1484.391     Art= 0.115E+11
      J=  0.5     EJ= 1485.519     Art= 0.385E+11
      J=  1.5     EJ= 1488.570     Art= 0.385E+11
      J=  2.5     EJ= 1523.793     Art= 0.244E+11
      J=  1.5     EJ= 1523.812     Art= 0.240E+11
      J=  1.5     EJ= 1540.889     Art= 0.150E+10
      J=  2.5     EJ= 1541.548     Art= 0.359E+10
      J=  3.5     EJ= 1542.744     Art= 0.197E+10
      J=  1.5     EJ= 1544.057     Art= 0.393E+11
      J=  0.5     EJ= 1544.197     Art= 0.134E+11
      J=  2.5     EJ= 1544.927     Art= 0.503E+11
      J=  1.5     EJ= 1545.736     Art= 0.457E+11
      J=  3.5     EJ= 1546.402     Art= 0.673E+09
      J=  0.5     EJ= 1547.580     Art= 0.606E+11
      J=  2.5     EJ= 1548.397     Art= 0.163E+12
      J=  1.5     EJ= 1549.244     Art= 0.195E+12
      J=  2.5     EJ= 1549.407     Art= 0.146E+12
      J=  0.5     EJ= 1549.669     Art= 0.210E+12
      J=  3.5     EJ= 1552.314     Art= 0.153E+12
      J=  1.5     EJ= 1556.111     Art= 0.178E+12
      J=  2.5     EJ= 1556.880     Art= 0.183E+12
      J=  0.5     EJ= 1581.817     Art= 0.532E+11
      J=  3.5     EJ= 1585.446     Art= 0.159E+11
      J=  3.5     EJ= 1586.383     Art= 0.169E+12
      J=  2.5     EJ= 1586.654     Art= 0.193E+12
      J=  1.5     EJ= 1587.639     Art= 0.144E+12
      J=  2.5     EJ= 1587.829     Art= 0.146E+12
      J=  0.5     EJ= 1590.509     Art= 0.128E+12
      J=  1.5     EJ= 1590.907     Art= 0.134E+12
      J=  0.5     EJ= 1593.260     Art= 0.685E+11
      J=  2.5     EJ= 1645.762     Art= 0.814E+11
      J=  1.5     EJ= 1645.896     Art= 0.877E+11
      J=  1.5     EJ= 1670.369     Art= 0.331E+10
      J=  2.5     EJ= 1670.859     Art= 0.859E+10
      J=  3.5     EJ= 1672.088     Art= 0.335E+10
      J=  1.5     EJ= 1672.488     Art= 0.244E+11
      J=  0.5     EJ= 1672.581     Art= 0.907E+10
      J=  2.5     EJ= 1673.038     Art= 0.463E+11
      J=  1.5     EJ= 1673.942     Art= 0.340E+11
      J=  3.5     EJ= 1675.052     Art= 0.383E+09
      J=  2.5     EJ= 1675.572     Art= 0.105E+12
      J=  0.5     EJ= 1675.862     Art= 0.336E+11
      J=  2.5     EJ= 1675.893     Art= 0.580E+11
      J=  1.5     EJ= 1676.408     Art= 0.889E+11
      J=  0.5     EJ= 1676.701     Art= 0.104E+12
      J=  3.5     EJ= 1678.452     Art= 0.107E+12
      J=  1.5     EJ= 1679.788     Art= 0.117E+12
      J=  2.5     EJ= 1680.497     Art= 0.121E+12
      J=  3.5     EJ= 1713.668     Art= 0.853E+10
      J=  3.5     EJ= 1714.084     Art= 0.777E+11
      J=  2.5     EJ= 1714.233     Art= 0.923E+11
      J=  1.5     EJ= 1714.764     Art= 0.708E+11
      J=  2.5     EJ= 1714.850     Art= 0.717E+11
      J=  0.5     EJ= 1716.136     Art= 0.672E+11
      J=  1.5     EJ= 1716.353     Art= 0.710E+11
      J=  0.5     EJ= 1717.000     Art= 0.545E+11
      J=  2.5     EJ= 1773.436     Art= 0.461E+11
      J=  1.5     EJ= 1773.513     Art= 0.503E+11
