      J=  2.0     EJ=  878.312     Art= 0.176E+08
      J=  1.0     EJ=  893.993     Art= 0.785E+11
      J=  1.0     EJ=  937.837     Art= 0.266E+11
      J=  2.0     EJ=  937.905     Art= 0.267E+11
      J=  3.0     EJ=  938.058     Art= 0.269E+11
      J=  2.0     EJ=  945.776     Art= 0.656E+11
      J=  0.0     EJ=  975.071     Art= 0.328E+11
      J=  1.0     EJ=  975.182     Art= 0.330E+11
      J=  2.0     EJ=  975.425     Art= 0.333E+11
      J=  1.0     EJ=  983.096     Art= 0.714E+11
      J=  0.0     EJ= 1047.590     Art= 0.576E+08
      J=  1.0     EJ= 1047.597     Art= 0.492E+08
      J=  2.0     EJ= 1047.610     Art= 0.309E+08
      J=  3.0     EJ= 1047.630     Art= 0.707E+07
      J=  1.0     EJ= 1061.833     Art= 0.126E+12
      J=  2.0     EJ= 1061.872     Art= 0.127E+12
      J=  3.0     EJ= 1062.051     Art= 0.131E+12
      J=  2.0     EJ= 1102.793     Art= 0.467E+09
      J=  3.0     EJ= 1103.180     Art= 0.647E+09
      J=  0.0     EJ= 1103.558     Art= 0.208E+09
      J=  3.0     EJ= 1105.959     Art= 0.201E+09
      J=  1.0     EJ= 1109.962     Art= 0.129E+12
      J=  2.0     EJ= 1110.639     Art= 0.159E+12
      J=  3.0     EJ= 1110.688     Art= 0.176E+12
      J=  1.0     EJ= 1110.890     Art= 0.141E+12
      J=  2.0     EJ= 1114.899     Art= 0.266E+12
      J=  1.0     EJ= 1115.483     Art= 0.247E+12
      J=  0.0     EJ= 1115.660     Art= 0.239E+12
      J=  2.0     EJ= 1118.495     Art= 0.187E+12
      J=  1.0     EJ= 1118.996     Art= 0.308E+12
      J=  3.0     EJ= 1125.452     Art= 0.273E+12
      J=  3.0     EJ= 1143.851     Art= 0.169E+10
      J=  2.0     EJ= 1143.955     Art= 0.135E+10
      J=  0.0     EJ= 1145.114     Art= 0.746E+11
      J=  1.0     EJ= 1145.381     Art= 0.657E+11
      J=  2.0     EJ= 1145.879     Art= 0.450E+11
      J=  2.0     EJ= 1149.002     Art= 0.152E+12
      J=  3.0     EJ= 1149.862     Art= 0.151E+12
      J=  1.0     EJ= 1149.898     Art= 0.188E+12
      J=  2.0     EJ= 1150.510     Art= 0.168E+12
      J=  3.0     EJ= 1154.990     Art= 0.244E+12
      J=  1.0     EJ= 1166.324     Art= 0.356E+12
      J=  2.0     EJ= 1196.288     Art= 0.390E+07
      J=  1.0     EJ= 1201.397     Art= 0.265E+11
      J=  1.0     EJ= 1253.431     Art= 0.980E+10
      J=  2.0     EJ= 1253.513     Art= 0.997E+10
      J=  3.0     EJ= 1253.667     Art= 0.102E+11
      J=  2.0     EJ= 1256.143     Art= 0.216E+11
      J=  0.0     EJ= 1257.999     Art= 0.227E+08
      J=  1.0     EJ= 1258.002     Art= 0.189E+08
      J=  2.0     EJ= 1258.008     Art= 0.107E+08
      J=  3.0     EJ= 1258.017     Art= 0.726E+06
      J=  1.0     EJ= 1265.086     Art= 0.100E+12
      J=  2.0     EJ= 1265.109     Art= 0.101E+12
      J=  3.0     EJ= 1265.190     Art= 0.103E+12
      J=  0.0     EJ= 1290.915     Art= 0.120E+11
      J=  1.0     EJ= 1291.017     Art= 0.122E+11
      J=  2.0     EJ= 1291.251     Art= 0.125E+11
      J=  1.0     EJ= 1293.639     Art= 0.272E+11
      J=  2.0     EJ= 1314.083     Art= 0.377E+09
      J=  0.0     EJ= 1314.109     Art= 0.174E+08
      J=  3.0     EJ= 1314.282     Art= 0.568E+09
      J=  3.0     EJ= 1314.987     Art= 0.890E+08
      J=  1.0     EJ= 1316.449     Art= 0.496E+11
      J=  2.0     EJ= 1316.583     Art= 0.549E+11
      J=  3.0     EJ= 1316.653     Art= 0.606E+11
      J=  1.0     EJ= 1317.538     Art= 0.506E+11
      J=  2.0     EJ= 1319.093     Art= 0.104E+12
      J=  1.0     EJ= 1319.212     Art= 0.959E+11
      J=  0.0     EJ= 1319.222     Art= 0.929E+11
      J=  1.0     EJ= 1320.618     Art= 0.140E+12
      J=  2.0     EJ= 1321.882     Art= 0.129E+12
      J=  3.0     EJ= 1323.819     Art= 0.162E+12
      J=  2.0     EJ= 1352.565     Art= 0.734E+09
      J=  3.0     EJ= 1352.610     Art= 0.387E+09
      J=  0.0     EJ= 1353.388     Art= 0.370E+11
      J=  1.0     EJ= 1353.418     Art= 0.334E+11
      J=  2.0     EJ= 1353.467     Art= 0.263E+11
      J=  2.0     EJ= 1353.525     Art= 0.127E+10
      J=  1.0     EJ= 1353.527     Art= 0.208E+10
      J=  0.0     EJ= 1353.529     Art= 0.238E+10
      J=  3.0     EJ= 1353.529     Art= 0.196E+08
      J=  2.0     EJ= 1353.789     Art= 0.122E+11
      J=  1.0     EJ= 1353.793     Art= 0.966E+10
      J=  3.0     EJ= 1354.098     Art= 0.678E+10
      J=  2.0     EJ= 1354.471     Art= 0.310E+11
      J=  3.0     EJ= 1357.582     Art= 0.102E+12
      J=  3.0     EJ= 1358.786     Art= 0.137E+12
      J=  2.0     EJ= 1358.909     Art= 0.141E+12
      J=  1.0     EJ= 1358.988     Art= 0.145E+12
      J=  1.0     EJ= 1362.583     Art= 0.185E+12
      J=  2.0     EJ= 1409.668     Art= 0.372E+09
      J=  0.0     EJ= 1409.673     Art= 0.115E+08
      J=  3.0     EJ= 1409.806     Art= 0.612E+09
      J=  3.0     EJ= 1410.025     Art= 0.227E+08
      J=  1.0     EJ= 1410.791     Art= 0.279E+11
      J=  2.0     EJ= 1410.918     Art= 0.311E+11
      J=  3.0     EJ= 1411.008     Art= 0.341E+11
      J=  1.0     EJ= 1411.438     Art= 0.301E+11
      J=  2.0     EJ= 1412.082     Art= 0.561E+11
      J=  0.0     EJ= 1412.091     Art= 0.504E+11
      J=  1.0     EJ= 1412.097     Art= 0.521E+11
      J=  1.0     EJ= 1412.978     Art= 0.780E+11
      J=  2.0     EJ= 1413.992     Art= 0.856E+11
      J=  3.0     EJ= 1414.907     Art= 0.109E+12
      J=  2.0     EJ= 1447.677     Art= 0.703E+09
      J=  3.0     EJ= 1447.768     Art= 0.527E+09
      J=  2.0     EJ= 1448.163     Art= 0.151E+11
      J=  1.0     EJ= 1448.222     Art= 0.181E+11
      J=  0.0     EJ= 1448.246     Art= 0.197E+11
      J=  2.0     EJ= 1448.588     Art= 0.177E+11
      J=  1.0     EJ= 1449.142     Art= 0.446E+11
      J=  3.0     EJ= 1449.191     Art= 0.360E+11
      J=  2.0     EJ= 1449.234     Art= 0.399E+11
      J=  3.0     EJ= 1450.364     Art= 0.577E+11
      J=  1.0     EJ= 1453.216     Art= 0.117E+12
